<!DOCTYPE html>

<html>
  <head>
  <meta charset='utf-8'>
  <title>TestNG reports</title>

    <link type="text/css" href="testng-reports1.css" rel="stylesheet" id="ultra" />
    <link type="text/css" href="testng-reports.css" rel="stylesheet" id="retro" disabled="false"/>
    <script type="text/javascript" src="jquery.min.js"></script>
    <script type="text/javascript" src="testng-reports.js"></script>
    <script type="text/javascript" src="https://www.google.com/jsapi"></script>
    <script type='text/javascript'>
      google.load('visualization', '1', {packages:['table']});
      google.setOnLoadCallback(drawTable);
      var suiteTableInitFunctions = new Array();
      var suiteTableData = new Array();
    </script>
    <!--
      <script type="text/javascript" src="jquery-ui/js/jquery-ui-1.8.16.custom.min.js"></script>
     -->
  </head>

  <body>
    <div class="top-banner-root">
      <span class="top-banner-title-font">Test results</span>
      <button id="button" class="button">Switch Retro Theme</button> <!-- button -->
      <br/>
      <span class="top-banner-font-1">1 suite, 1 failed test</span>
    </div> <!-- top-banner-root -->
    <div class="navigator-root">
      <div class="navigator-suite-header">
        <span>All suites</span>
        <a href="#" title="Collapse/expand all the suites" class="collapse-all-link">
          <img src="collapseall.gif" class="collapse-all-icon">
          </img> <!-- collapse-all-icon -->
        </a> <!-- collapse-all-link -->
      </div> <!-- navigator-suite-header -->
      <div class="suite">
        <div class="rounded-window">
          <div class="suite-header light-rounded-window-top">
            <a href="#" panel-name="suite-Test_Suite_Emulator_Pixel_3" class="navigator-link">
              <span class="suite-name border-failed">Test_Suite_Emulator_Pixel_3</span>
            </a> <!-- navigator-link -->
          </div> <!-- suite-header light-rounded-window-top -->
          <div class="navigator-suite-content">
            <div class="suite-section-title">
              <span>Info</span>
            </div> <!-- suite-section-title -->
            <div class="suite-section-content">
              <ul>
                <li>
                  <a href="#" panel-name="test-xml-Test_Suite_Emulator_Pixel_3" class="navigator-link ">
                    <span>testng_emulator_pixel_3.xml</span>
                  </a> <!-- navigator-link  -->
                </li>
                <li>
                  <a href="#" panel-name="testlist-Test_Suite_Emulator_Pixel_3" class="navigator-link ">
                    <span class="test-stats">1 test</span>
                  </a> <!-- navigator-link  -->
                </li>
                <li>
                  <a href="#" panel-name="group-Test_Suite_Emulator_Pixel_3" class="navigator-link ">
                    <span>1 group</span>
                  </a> <!-- navigator-link  -->
                </li>
                <li>
                  <a href="#" panel-name="times-Test_Suite_Emulator_Pixel_3" class="navigator-link ">
                    <span>Times</span>
                  </a> <!-- navigator-link  -->
                </li>
                <li>
                  <a href="#" panel-name="reporter-Test_Suite_Emulator_Pixel_3" class="navigator-link ">
                    <span>Reporter output</span>
                  </a> <!-- navigator-link  -->
                </li>
                <li>
                  <a href="#" panel-name="ignored-methods-Test_Suite_Emulator_Pixel_3" class="navigator-link ">
                    <span>Ignored methods</span>
                  </a> <!-- navigator-link  -->
                </li>
                <li>
                  <a href="#" panel-name="chronological-Test_Suite_Emulator_Pixel_3" class="navigator-link ">
                    <span>Chronological view</span>
                  </a> <!-- navigator-link  -->
                </li>
              </ul>
            </div> <!-- suite-section-content -->
            <div class="result-section">
              <div class="suite-section-title">
                <span>Results</span>
              </div> <!-- suite-section-title -->
              <div class="suite-section-content">
                <ul>
                  <li>
                    <span class="method-stats">5 methods, 1 failed,   4 passed</span>
                  </li>
                  <li>
                    <span class="method-list-title failed">Failed methods</span>
                    <span class="show-or-hide-methods failed">
                      <a href="#" panel-name="suite-Test_Suite_Emulator_Pixel_3" class="hide-methods failed suite-Test_Suite_Emulator_Pixel_3"> (hide)</a> <!-- hide-methods failed suite-Test_Suite_Emulator_Pixel_3 -->
                      <a href="#" panel-name="suite-Test_Suite_Emulator_Pixel_3" class="show-methods failed suite-Test_Suite_Emulator_Pixel_3"> (show)</a> <!-- show-methods failed suite-Test_Suite_Emulator_Pixel_3 -->
                    </span>
                    <div class="method-list-content failed suite-Test_Suite_Emulator_Pixel_3">
                      <span>
                        <img src="failed.png" width="3%"/>
                        <a href="#" panel-name="suite-Test_Suite_Emulator_Pixel_3" title="com.appium.runners.TestNGRunner_Pixel3" class="method navigator-link" hash-for-method="scenario(&quot;Login with valid user name and password&quot;, &quot;Optional[Login scenarios]&quot;)">scenario("Login with valid user name and password", "Optional[Login scenarios]")</a> <!-- method navigator-link -->
                      </span>
                      <br/>
                    </div> <!-- method-list-content failed suite-Test_Suite_Emulator_Pixel_3 -->
                  </li>
                  <li>
                    <span class="method-list-title passed">Passed methods</span>
                    <span class="show-or-hide-methods passed">
                      <a href="#" panel-name="suite-Test_Suite_Emulator_Pixel_3" class="hide-methods passed suite-Test_Suite_Emulator_Pixel_3"> (hide)</a> <!-- hide-methods passed suite-Test_Suite_Emulator_Pixel_3 -->
                      <a href="#" panel-name="suite-Test_Suite_Emulator_Pixel_3" class="show-methods passed suite-Test_Suite_Emulator_Pixel_3"> (show)</a> <!-- show-methods passed suite-Test_Suite_Emulator_Pixel_3 -->
                    </span>
                    <div class="method-list-content passed suite-Test_Suite_Emulator_Pixel_3">
                      <span>
                        <img src="passed.png" width="3%"/>
                        <a href="#" panel-name="suite-Test_Suite_Emulator_Pixel_3" title="com.appium.runners.TestNGRunner_Pixel3" class="method navigator-link" hash-for-method="scenario(&quot;Login with invalid user name&quot;, &quot;Optional[Login scenarios]&quot;)">scenario("Login with invalid user name", "Optional[Login scenarios]")</a> <!-- method navigator-link -->
                      </span>
                      <br/>
                      <span>
                        <img src="passed.png" width="3%"/>
                        <a href="#" panel-name="suite-Test_Suite_Emulator_Pixel_3" title="com.appium.runners.TestNGRunner_Pixel3" class="method navigator-link" hash-for-method="scenario(&quot;Login with invalid user name&quot;, &quot;Optional[Login scenarios]&quot;)">scenario("Login with invalid user name", "Optional[Login scenarios]")</a> <!-- method navigator-link -->
                      </span>
                      <br/>
                      <span>
                        <img src="passed.png" width="3%"/>
                        <a href="#" panel-name="suite-Test_Suite_Emulator_Pixel_3" title="com.appium.runners.TestNGRunner_Pixel3" class="method navigator-link" hash-for-method="scenario(&quot;Login with invalid password&quot;, &quot;Optional[Login scenarios]&quot;)">scenario("Login with invalid password", "Optional[Login scenarios]")</a> <!-- method navigator-link -->
                      </span>
                      <br/>
                      <span>
                        <img src="passed.png" width="3%"/>
                        <a href="#" panel-name="suite-Test_Suite_Emulator_Pixel_3" title="com.appium.runners.TestNGRunner_Pixel3" class="method navigator-link" hash-for-method="scenario(&quot;Login with invalid user name&quot;, &quot;Optional[Login scenarios]&quot;)">scenario("Login with invalid user name", "Optional[Login scenarios]")</a> <!-- method navigator-link -->
                      </span>
                      <br/>
                    </div> <!-- method-list-content passed suite-Test_Suite_Emulator_Pixel_3 -->
                  </li>
                </ul>
              </div> <!-- suite-section-content -->
            </div> <!-- result-section -->
          </div> <!-- navigator-suite-content -->
        </div> <!-- rounded-window -->
      </div> <!-- suite -->
    </div> <!-- navigator-root -->
    <div class="wrapper">
      <div class="main-panel-root">
        <div panel-name="suite-Test_Suite_Emulator_Pixel_3" class="panel Test_Suite_Emulator_Pixel_3">
          <div class="suite-Test_Suite_Emulator_Pixel_3-class-failed">
            <div class="main-panel-header rounded-window-top">
              <img src="failed.png"/>
              <span class="class-name">com.appium.runners.TestNGRunner_Pixel3</span>
            </div> <!-- main-panel-header rounded-window-top -->
            <div class="main-panel-content rounded-window-bottom">
              <div class="method">
                <div class="method-content">
                  <a name="scenario(&quot;Login with valid user name and password&quot;, &quot;Optional[Login scenarios]&quot;)">
                  </a> <!-- scenario("Login with valid user name and password", "Optional[Login scenarios]") -->
                  <span class="method-name">scenario</span>
                  <span class="parameters">("Login with valid user name and password", "Optional[Login scenarios]")</span>
                  <div class="stack-trace">org.openqa.selenium.TimeoutException: Expected condition failed: waiting for visibility of Located by By.chained({By.xpath: //android.widget.ScrollView[@content-desc=&quot;test-PRODUCTS&quot;]/preceding-sibling::android.view.ViewGroup/android.widget.TextView}) (tried for 10 second(s) with 500 milliseconds interval)
	at org.openqa.selenium.support.ui.WebDriverWait.timeoutException(WebDriverWait.java:95)
	at org.openqa.selenium.support.ui.FluentWait.until(FluentWait.java:272)
	at com.appium.pages.BasePage.waitForVisibility(BasePage.java:53)
	at com.appium.pages.BasePage.getAttribute(BasePage.java:95)
	at com.appium.pages.BasePage.getText(BasePage.java:108)
	at com.appium.pages.ProductsPage.getTitle(ProductsPage.java:35)
	at com.appium.stepDefinitions.LoginStepDef.iShouldSeeProductsPageWithTitle(LoginStepDef.java:37)
	at âœ½.I should see Products page with title &quot;PRODUCTS&quot;(file:///Users/user/eclipse-workspace/MasterAppiumFramework_BDD/src/test/resources/features/Login.feature:32)
Caused by: org.openqa.selenium.NoSuchElementException: Can&apos;t locate an element by this strategy: By.chained({By.xpath: //android.widget.ScrollView[@content-desc=&quot;test-PRODUCTS&quot;]/preceding-sibling::android.view.ViewGroup/android.widget.TextView})
	at io.appium.java_client.pagefactory.AppiumElementLocator.findElement(AppiumElementLocator.java:126)
	at io.appium.java_client.pagefactory.interceptors.InterceptorOfASingleElement.intercept(InterceptorOfASingleElement.java:59)
	at io.appium.java_client.android.AndroidElement$$EnhancerByCGLIB$$b598166c.isDisplayed(&lt;generated&gt;)
	at org.openqa.selenium.support.ui.ExpectedConditions.elementIfVisible(ExpectedConditions.java:314)
	at org.openqa.selenium.support.ui.ExpectedConditions.access$000(ExpectedConditions.java:43)
	at org.openqa.selenium.support.ui.ExpectedConditions$10.apply(ExpectedConditions.java:300)
	at org.openqa.selenium.support.ui.ExpectedConditions$10.apply(ExpectedConditions.java:297)
	at org.openqa.selenium.support.ui.FluentWait.until(FluentWait.java:249)
	at com.appium.pages.BasePage.waitForVisibility(BasePage.java:53)
	at com.appium.pages.BasePage.getAttribute(BasePage.java:95)
	at com.appium.pages.BasePage.getText(BasePage.java:108)
	at com.appium.pages.ProductsPage.getTitle(ProductsPage.java:35)
	at com.appium.stepDefinitions.LoginStepDef.iShouldSeeProductsPageWithTitle(LoginStepDef.java:37)
	at io.cucumber.java.Invoker.doInvoke(Invoker.java:66)
	at io.cucumber.java.Invoker.invoke(Invoker.java:24)
	at io.cucumber.java.AbstractGlueDefinition.invokeMethod(AbstractGlueDefinition.java:47)
	at io.cucumber.java.JavaStepDefinition.execute(JavaStepDefinition.java:29)
	at io.cucumber.core.runner.CoreStepDefinition.execute(CoreStepDefinition.java:66)
	at io.cucumber.core.runner.PickleStepDefinitionMatch.runStep(PickleStepDefinitionMatch.java:63)
	at io.cucumber.core.runner.ExecutionMode$1.execute(ExecutionMode.java:10)
	at io.cucumber.core.runner.TestStep.executeStep(TestStep.java:86)
	at io.cucumber.core.runner.TestStep.run(TestStep.java:57)
	at io.cucumber.core.runner.PickleStepTestStep.run(PickleStepTestStep.java:51)
	at io.cucumber.core.runner.TestCase.run(TestCase.java:95)
	at io.cucumber.core.runner.Runner.runPickle(Runner.java:75)
	at io.cucumber.testng.TestNGCucumberRunner.lambda$runScenario$1(TestNGCucumberRunner.java:132)
	at io.cucumber.core.runtime.CucumberExecutionContext.lambda$runTestCase$3(CucumberExecutionContext.java:110)
	at io.cucumber.core.runtime.RethrowingThrowableCollector.executeAndThrow(RethrowingThrowableCollector.java:23)
	at io.cucumber.core.runtime.CucumberExecutionContext.runTestCase(CucumberExecutionContext.java:110)
	at io.cucumber.testng.TestNGCucumberRunner.runScenario(TestNGCucumberRunner.java:129)
	at com.appium.runners.RunnerBase.scenario(RunnerBase.java:71)
	at java.base/java.util.ArrayList.forEach(ArrayList.java:1541)
Caused by: org.openqa.selenium.TimeoutException: Expected condition failed: waiting for io.appium.java_client.pagefactory.AppiumElementLocator$WaitingFunction@35cec305 (tried for 1 second(s) with 500 milliseconds interval)
	at org.openqa.selenium.support.ui.FluentWait.timeoutException(FluentWait.java:304)
	at org.openqa.selenium.support.ui.FluentWait.until(FluentWait.java:272)
	at io.appium.java_client.pagefactory.AppiumElementLocator.waitFor(AppiumElementLocator.java:99)
	at io.appium.java_client.pagefactory.AppiumElementLocator.findElement(AppiumElementLocator.java:119)
	... 62 more
Caused by: org.openqa.selenium.NoSuchElementException: Cannot locate an element using By.chained({By.xpath: //android.widget.ScrollView[@content-desc=&quot;test-PRODUCTS&quot;]/preceding-sibling::android.view.ViewGroup/android.widget.TextView})
For documentation on this error, please visit: https://www.seleniumhq.org/exceptions/no_such_element.html
Build info: version: &apos;3.141.59&apos;, revision: &apos;e82be7d358&apos;, time: &apos;2018-11-14T08:17:03&apos;
System info: host: &apos;MacBook-Pro-de-user.local&apos;, ip: &apos;2800:200:e800:662d:599a:4f25:2687:3103%en0&apos;, os.name: &apos;Mac OS X&apos;, os.arch: &apos;x86_64&apos;, os.version: &apos;13.6.1&apos;, java.version: &apos;11.0.22&apos;
Driver info: driver.version: AndroidDriver
	at io.appium.java_client.pagefactory.bys.builder.ByChained.findElement(ByChained.java:74)
	at org.openqa.selenium.remote.RemoteWebDriver.findElement(RemoteWebDriver.java:315)
	at io.appium.java_client.DefaultGenericMobileDriver.findElement(DefaultGenericMobileDriver.java:57)
	at io.appium.java_client.AppiumDriver.findElement(AppiumDriver.java:1)
	at io.appium.java_client.android.AndroidDriver.findElement(AndroidDriver.java:1)
	at io.appium.java_client.pagefactory.bys.ContentMappedBy.findElement(ContentMappedBy.java:50)
	at org.openqa.selenium.remote.RemoteWebDriver.findElement(RemoteWebDriver.java:315)
	at io.appium.java_client.DefaultGenericMobileDriver.findElement(DefaultGenericMobileDriver.java:57)
	at io.appium.java_client.AppiumDriver.findElement(AppiumDriver.java:1)
	at io.appium.java_client.android.AndroidDriver.findElement(AndroidDriver.java:1)
	at io.appium.java_client.pagefactory.AppiumElementLocator.lambda$0(AppiumElementLocator.java:120)
	at io.appium.java_client.pagefactory.AppiumElementLocator$WaitingFunction.apply(AppiumElementLocator.java:172)
	at io.appium.java_client.pagefactory.AppiumElementLocator$WaitingFunction.apply(AppiumElementLocator.java:1)
	at org.openqa.selenium.support.ui.FluentWait.until(FluentWait.java:249)
	... 64 more
... Removed 31 stack frames
</div> <!-- stack-trace -->
                  <em>
(Runs Cucumber Scenarios)                  </em>
                </div> <!-- method-content -->
              </div> <!-- method -->
            </div> <!-- main-panel-content rounded-window-bottom -->
          </div> <!-- suite-Test_Suite_Emulator_Pixel_3-class-failed -->
          <div class="suite-Test_Suite_Emulator_Pixel_3-class-passed">
            <div class="main-panel-header rounded-window-top">
              <img src="passed.png"/>
              <span class="class-name">com.appium.runners.TestNGRunner_Pixel3</span>
            </div> <!-- main-panel-header rounded-window-top -->
            <div class="main-panel-content rounded-window-bottom">
              <div class="method">
                <div class="method-content">
                  <a name="scenario(&quot;Login with invalid user name&quot;, &quot;Optional[Login scenarios]&quot;)">
                  </a> <!-- scenario("Login with invalid user name", "Optional[Login scenarios]") -->
                  <span class="method-name">scenario</span>
                  <span class="parameters">("Login with invalid user name", "Optional[Login scenarios]")</span>
                  <em>
(Runs Cucumber Scenarios)                  </em>
                </div> <!-- method-content -->
              </div> <!-- method -->
              <div class="method">
                <div class="method-content">
                  <a name="scenario(&quot;Login with invalid user name&quot;, &quot;Optional[Login scenarios]&quot;)">
                  </a> <!-- scenario("Login with invalid user name", "Optional[Login scenarios]") -->
                  <span class="method-name">scenario</span>
                  <span class="parameters">("Login with invalid user name", "Optional[Login scenarios]")</span>
                  <em>
(Runs Cucumber Scenarios)                  </em>
                </div> <!-- method-content -->
              </div> <!-- method -->
              <div class="method">
                <div class="method-content">
                  <a name="scenario(&quot;Login with invalid password&quot;, &quot;Optional[Login scenarios]&quot;)">
                  </a> <!-- scenario("Login with invalid password", "Optional[Login scenarios]") -->
                  <span class="method-name">scenario</span>
                  <span class="parameters">("Login with invalid password", "Optional[Login scenarios]")</span>
                  <em>
(Runs Cucumber Scenarios)                  </em>
                </div> <!-- method-content -->
              </div> <!-- method -->
              <div class="method">
                <div class="method-content">
                  <a name="scenario(&quot;Login with invalid user name&quot;, &quot;Optional[Login scenarios]&quot;)">
                  </a> <!-- scenario("Login with invalid user name", "Optional[Login scenarios]") -->
                  <span class="method-name">scenario</span>
                  <span class="parameters">("Login with invalid user name", "Optional[Login scenarios]")</span>
                  <em>
(Runs Cucumber Scenarios)                  </em>
                </div> <!-- method-content -->
              </div> <!-- method -->
            </div> <!-- main-panel-content rounded-window-bottom -->
          </div> <!-- suite-Test_Suite_Emulator_Pixel_3-class-passed -->
        </div> <!-- panel Test_Suite_Emulator_Pixel_3 -->
        <div panel-name="test-xml-Test_Suite_Emulator_Pixel_3" class="panel">
          <div class="main-panel-header rounded-window-top">
            <span class="header-content">/Users/user/eclipse-workspace/MasterAppiumFramework_BDD/src/test/resources/runners/testng_emulator_pixel_3.xml</span>
          </div> <!-- main-panel-header rounded-window-top -->
          <div class="main-panel-content rounded-window-bottom">
            <pre>
&lt;?xml version=&quot;1.0&quot; encoding=&quot;UTF-8&quot;?&gt;
&lt;!DOCTYPE suite SYSTEM &quot;https://testng.org/testng-1.0.dtd&quot;&gt;
&lt;suite name=&quot;Test_Suite_Emulator_Pixel_3&quot; guice-stage=&quot;DEVELOPMENT&quot;&gt;
  &lt;test thread-count=&quot;5&quot; name=&quot;Tests_on_Emulator_Pixel_3&quot;&gt;
    &lt;parameter name=&quot;chromeDriverPort&quot; value=&quot;11000&quot;/&gt;
    &lt;parameter name=&quot;platformName&quot; value=&quot;Android&quot;/&gt;
    &lt;parameter name=&quot;udid&quot; value=&quot;emulator-5554&quot;/&gt;
    &lt;parameter name=&quot;deviceName&quot; value=&quot;Nexus5&quot;/&gt;
    &lt;parameter name=&quot;systemPort&quot; value=&quot;10000&quot;/&gt;
    &lt;classes&gt;
      &lt;class name=&quot;com.appium.runners.TestNGRunner_Pixel3&quot;/&gt;
    &lt;/classes&gt;
  &lt;/test&gt; &lt;!-- Tests_on_Emulator_Pixel_3 --&gt;
&lt;/suite&gt; &lt;!-- Test_Suite_Emulator_Pixel_3 --&gt;
            </pre>
          </div> <!-- main-panel-content rounded-window-bottom -->
        </div> <!-- panel -->
        <div panel-name="testlist-Test_Suite_Emulator_Pixel_3" class="panel">
          <div class="main-panel-header rounded-window-top">
            <span class="header-content">Tests for Test_Suite_Emulator_Pixel_3</span>
          </div> <!-- main-panel-header rounded-window-top -->
          <div class="main-panel-content rounded-window-bottom">
            <ul>
              <li>
                <span class="test-name">Tests_on_Emulator_Pixel_3 (1 class)</span>
              </li>
            </ul>
          </div> <!-- main-panel-content rounded-window-bottom -->
        </div> <!-- panel -->
        <div panel-name="group-Test_Suite_Emulator_Pixel_3" class="panel">
          <div class="main-panel-header rounded-window-top">
            <span class="header-content">Groups for Test_Suite_Emulator_Pixel_3</span>
          </div> <!-- main-panel-header rounded-window-top -->
          <div class="main-panel-content rounded-window-bottom">
            <div class="test-group">
              <span class="test-group-name">cucumber</span>
              <br/>
              <div class="method-in-group">
                <span class="method-in-group-name">scenario</span>
                <br/>
              </div> <!-- method-in-group -->
            </div> <!-- test-group -->
          </div> <!-- main-panel-content rounded-window-bottom -->
        </div> <!-- panel -->
        <div panel-name="times-Test_Suite_Emulator_Pixel_3" class="panel">
          <div class="main-panel-header rounded-window-top">
            <span class="header-content">Times for Test_Suite_Emulator_Pixel_3</span>
          </div> <!-- main-panel-header rounded-window-top -->
          <div class="main-panel-content rounded-window-bottom">
            <div class="times-div">
              <script type="text/javascript">
suiteTableInitFunctions.push('tableData_Test_Suite_Emulator_Pixel_3');
function tableData_Test_Suite_Emulator_Pixel_3() {
var data = new google.visualization.DataTable();
data.addColumn('number', 'Number');
data.addColumn('string', 'Method');
data.addColumn('string', 'Class');
data.addColumn('number', 'Time (ms)');
data.addRows(5);
data.setCell(0, 0, 0)
data.setCell(0, 1, 'scenario')
data.setCell(0, 2, 'com.appium.runners.TestNGRunner_Pixel3')
data.setCell(0, 3, 16053);
data.setCell(1, 0, 1)
data.setCell(1, 1, 'scenario')
data.setCell(1, 2, 'com.appium.runners.TestNGRunner_Pixel3')
data.setCell(1, 3, 4698);
data.setCell(2, 0, 2)
data.setCell(2, 1, 'scenario')
data.setCell(2, 2, 'com.appium.runners.TestNGRunner_Pixel3')
data.setCell(2, 3, 4594);
data.setCell(3, 0, 3)
data.setCell(3, 1, 'scenario')
data.setCell(3, 2, 'com.appium.runners.TestNGRunner_Pixel3')
data.setCell(3, 3, 4471);
data.setCell(4, 0, 4)
data.setCell(4, 1, 'scenario')
data.setCell(4, 2, 'com.appium.runners.TestNGRunner_Pixel3')
data.setCell(4, 3, 3595);
window.suiteTableData['Test_Suite_Emulator_Pixel_3']= { tableData: data, tableDiv: 'times-div-Test_Suite_Emulator_Pixel_3'}
return data;
}
              </script>
              <span class="suite-total-time">Total running time: 33 seconds</span>
              <div id="times-div-Test_Suite_Emulator_Pixel_3">
              </div> <!-- times-div-Test_Suite_Emulator_Pixel_3 -->
            </div> <!-- times-div -->
          </div> <!-- main-panel-content rounded-window-bottom -->
        </div> <!-- panel -->
        <div panel-name="reporter-Test_Suite_Emulator_Pixel_3" class="panel">
          <div class="main-panel-header rounded-window-top">
            <span class="header-content">Reporter output for Test_Suite_Emulator_Pixel_3</span>
          </div> <!-- main-panel-header rounded-window-top -->
          <div class="main-panel-content rounded-window-bottom">
          </div> <!-- main-panel-content rounded-window-bottom -->
        </div> <!-- panel -->
        <div panel-name="ignored-methods-Test_Suite_Emulator_Pixel_3" class="panel">
          <div class="main-panel-header rounded-window-top">
            <span class="header-content">0 ignored methods</span>
          </div> <!-- main-panel-header rounded-window-top -->
          <div class="main-panel-content rounded-window-bottom">
          </div> <!-- main-panel-content rounded-window-bottom -->
        </div> <!-- panel -->
        <div panel-name="chronological-Test_Suite_Emulator_Pixel_3" class="panel">
          <div class="main-panel-header rounded-window-top">
            <span class="header-content">Methods in chronological order</span>
          </div> <!-- main-panel-header rounded-window-top -->
          <div class="main-panel-content rounded-window-bottom">
            <div class="chronological-class">
              <div class="chronological-class-name">com.appium.runners.TestNGRunner_Pixel3</div> <!-- chronological-class-name -->
              <div class="configuration-class before">
                <span class="method-name">setUpClass(Android, emulator-5554, Nexus5, 10000, 11000, iOS, iOS)</span>
                <span class="method-start">0 ms</span>
              </div> <!-- configuration-class before -->
              <div class="test-method">
                <span class="method-name">scenario("Login with invalid user name", "Optional[Login scenarios]")</span>
                <span class="method-start">14199 ms</span>
              </div> <!-- test-method -->
              <div class="test-method">
                <span class="method-name">scenario("Login with invalid user name", "Optional[Login scenarios]")</span>
                <span class="method-start">18901 ms</span>
              </div> <!-- test-method -->
              <div class="test-method">
                <span class="method-name">scenario("Login with invalid user name", "Optional[Login scenarios]")</span>
                <span class="method-start">23497 ms</span>
              </div> <!-- test-method -->
              <div class="test-method">
                <span class="method-name">scenario("Login with invalid password", "Optional[Login scenarios]")</span>
                <span class="method-start">27094 ms</span>
              </div> <!-- test-method -->
              <div class="test-method">
                <img src="failed.png">
                </img>
                <span class="method-name">scenario("Login with valid user name and password", "Optional[Login scenarios]")</span>
                <span class="method-start">31567 ms</span>
              </div> <!-- test-method -->
              <div class="configuration-class after">
                <span class="method-name">tearDownClass</span>
                <span class="method-start">47625 ms</span>
              </div> <!-- configuration-class after -->
          </div> <!-- main-panel-content rounded-window-bottom -->
        </div> <!-- panel -->
      </div> <!-- main-panel-root -->
    </div> <!-- wrapper -->
  </body>
<script type="text/javascript" src="testng-reports2.js"></script>
</html>
